This is XeTeX, Version 3.141592653-2.6-0.999995 (TeX Live 2023) (preloaded format=xelatex 2023.10.11)  14 MAY 2025 16:38
entering extended mode
 restricted \write18 enabled.
 %&-line parsing enabled.
**_main.tex
(./_main.tex
LaTeX2e <2022-11-01> patch level 1
L3 programming layer <2023-02-22> (/usr/local/texlive/2023/texmf-dist/tex/latex
/base/book.cls
Document Class: book 2022/07/02 v1.4n Standard LaTeX document class
(/usr/local/texlive/2023/texmf-dist/tex/latex/base/bk10.clo
File: bk10.clo 2022/07/02 v1.4n Standard LaTeX file (size option)
)
\c@part=\count181
\c@chapter=\count182
\c@section=\count183
\c@subsection=\count184
\c@subsubsection=\count185
\c@paragraph=\count186
\c@subparagraph=\count187
\c@figure=\count188
\c@table=\count189
\abovecaptionskip=\skip48
\belowcaptionskip=\skip49
\bibindent=\dimen140
) (/usr/local/texlive/2023/texmf-dist/tex/latex/amsmath/amsmath.sty
Package: amsmath 2022/04/08 v2.17n AMS math features
\@mathmargin=\skip50
For additional information on amsmath, use the `?' option.
(/usr/local/texlive/2023/texmf-dist/tex/latex/amsmath/amstext.sty
Package: amstext 2021/08/26 v2.01 AMS text
(/usr/local/texlive/2023/texmf-dist/tex/latex/amsmath/amsgen.sty
File: amsgen.sty 1999/11/30 v2.0 generic functions
\@emptytoks=\toks16
\ex@=\dimen141
)) (/usr/local/texlive/2023/texmf-dist/tex/latex/amsmath/amsbsy.sty
Package: amsbsy 1999/11/29 v1.2d Bold Symbols
\pmbraise@=\dimen142
) (/usr/local/texlive/2023/texmf-dist/tex/latex/amsmath/amsopn.sty
Package: amsopn 2022/04/08 v2.04 operator names
)
\inf@bad=\count190
LaTeX Info: Redefining \frac on input line 234.
\uproot@=\count191
\leftroot@=\count192
LaTeX Info: Redefining \overline on input line 399.
LaTeX Info: Redefining \colon on input line 410.
\classnum@=\count193
\DOTSCASE@=\count194
LaTeX Info: Redefining \ldots on input line 496.
LaTeX Info: Redefining \dots on input line 499.
LaTeX Info: Redefining \cdots on input line 620.
\Mathstrutbox@=\box51
\strutbox@=\box52
LaTeX Info: Redefining \big on input line 722.
LaTeX Info: Redefining \Big on input line 723.
LaTeX Info: Redefining \bigg on input line 724.
LaTeX Info: Redefining \Bigg on input line 725.
\big@size=\dimen143
LaTeX Font Info:    Redeclaring font encoding OML on input line 743.
LaTeX Font Info:    Redeclaring font encoding OMS on input line 744.
\macc@depth=\count195
LaTeX Info: Redefining \bmod on input line 905.
LaTeX Info: Redefining \pmod on input line 910.
LaTeX Info: Redefining \smash on input line 940.
LaTeX Info: Redefining \relbar on input line 970.
LaTeX Info: Redefining \Relbar on input line 971.
\c@MaxMatrixCols=\count196
\dotsspace@=\muskip16
\c@parentequation=\count197
\dspbrk@lvl=\count198
\tag@help=\toks17
\row@=\count199
\column@=\count266
\maxfields@=\count267
\andhelp@=\toks18
\eqnshift@=\dimen144
\alignsep@=\dimen145
\tagshift@=\dimen146
\tagwidth@=\dimen147
\totwidth@=\dimen148
\lineht@=\dimen149
\@envbody=\toks19
\multlinegap=\skip51
\multlinetaggap=\skip52
\mathdisplay@stack=\toks20
LaTeX Info: Redefining \[ on input line 2953.
LaTeX Info: Redefining \] on input line 2954.
) (/usr/local/texlive/2023/texmf-dist/tex/latex/amsfonts/amssymb.sty
Package: amssymb 2013/01/14 v3.01 AMS font symbols
(/usr/local/texlive/2023/texmf-dist/tex/latex/amsfonts/amsfonts.sty
Package: amsfonts 2013/01/14 v3.01 Basic AMSFonts support
\symAMSa=\mathgroup4
\symAMSb=\mathgroup5
LaTeX Font Info:    Redeclaring math symbol \hbar on input line 98.
LaTeX Font Info:    Overwriting math alphabet `\mathfrak' in version `bold'
(Font)                  U/euf/m/n --> U/euf/b/n on input line 106.
)) (/usr/local/texlive/2023/texmf-dist/tex/generic/iftex/iftex.sty
Package: iftex 2022/02/03 v1.0f TeX engine tests
) (/usr/local/texlive/2023/texmf-dist/tex/latex/unicode-math/unicode-math.sty (
/usr/local/texlive/2023/texmf-dist/tex/latex/l3kernel/expl3.sty
Package: expl3 2023-02-22 L3 programming layer (loader) 
(/usr/local/texlive/2023/texmf-dist/tex/latex/l3backend/l3backend-xetex.def
File: l3backend-xetex.def 2023-01-16 L3 backend support: XeTeX
\g__graphics_track_int=\count268
\l__pdf_internal_box=\box53
\g__pdf_backend_object_int=\count269
\g__pdf_backend_annotation_int=\count270
\g__pdf_backend_link_int=\count271
))
Package: unicode-math 2020/01/31 v0.8q Unicode maths in XeLaTeX and LuaLaTeX

(/usr/local/texlive/2023/texmf-dist/tex/latex/unicode-math/unicode-math-xetex.s
ty
Package: unicode-math-xetex 2020/01/31 v0.8q Unicode maths in XeLaTeX and LuaLa
TeX
(/usr/local/texlive/2023/texmf-dist/tex/latex/l3packages/xparse/xparse.sty
Package: xparse 2023-02-02 L3 Experimental document command parser
) (/usr/local/texlive/2023/texmf-dist/tex/latex/l3packages/l3keys2e/l3keys2e.st
y
Package: l3keys2e 2023-02-02 LaTeX2e option processing using LaTeX3 keys
) (/usr/local/texlive/2023/texmf-dist/tex/latex/fontspec/fontspec.sty
Package: fontspec 2022/01/15 v2.8a Font selection for XeLaTeX and LuaLaTeX
(/usr/local/texlive/2023/texmf-dist/tex/latex/fontspec/fontspec-xetex.sty
Package: fontspec-xetex 2022/01/15 v2.8a Font selection for XeLaTeX and LuaLaTe
X
\l__fontspec_script_int=\count272
\l__fontspec_language_int=\count273
\l__fontspec_strnum_int=\count274
\l__fontspec_tmp_int=\count275
\l__fontspec_tmpa_int=\count276
\l__fontspec_tmpb_int=\count277
\l__fontspec_tmpc_int=\count278
\l__fontspec_em_int=\count279
\l__fontspec_emdef_int=\count280
\l__fontspec_strong_int=\count281
\l__fontspec_strongdef_int=\count282
\l__fontspec_tmpa_dim=\dimen150
\l__fontspec_tmpb_dim=\dimen151
\l__fontspec_tmpc_dim=\dimen152
(/usr/local/texlive/2023/texmf-dist/tex/latex/base/fontenc.sty
Package: fontenc 2021/04/29 v2.0v Standard LaTeX package
) (/usr/local/texlive/2023/texmf-dist/tex/latex/fontspec/fontspec.cfg))) (/usr/
local/texlive/2023/texmf-dist/tex/latex/base/fix-cm.sty
Package: fix-cm 2020/11/24 v1.1t fixes to LaTeX
(/usr/local/texlive/2023/texmf-dist/tex/latex/base/ts1enc.def
File: ts1enc.def 2001/06/05 v3.0e (jk/car/fm) Standard LaTeX file
LaTeX Font Info:    Redeclaring font encoding TS1 on input line 47.
))
\g__um_fam_int=\count283
\g__um_fonts_used_int=\count284
\l__um_primecount_int=\count285
\g__um_primekern_muskip=\muskip17

(/usr/local/texlive/2023/texmf-dist/tex/latex/unicode-math/unicode-math-table.t
ex))) (/usr/local/texlive/2023/texmf-dist/tex/latex/lm/lmodern.sty
Package: lmodern 2015/05/01 v1.6.1 Latin Modern Fonts
LaTeX Font Info:    Overwriting symbol font `operators' in version `normal'
(Font)                  OT1/cmr/m/n --> OT1/lmr/m/n on input line 22.
LaTeX Font Info:    Overwriting symbol font `letters' in version `normal'
(Font)                  OML/cmm/m/it --> OML/lmm/m/it on input line 23.
LaTeX Font Info:    Overwriting symbol font `symbols' in version `normal'
(Font)                  OMS/cmsy/m/n --> OMS/lmsy/m/n on input line 24.
LaTeX Font Info:    Overwriting symbol font `largesymbols' in version `normal'
(Font)                  OMX/cmex/m/n --> OMX/lmex/m/n on input line 25.
LaTeX Font Info:    Overwriting symbol font `operators' in version `bold'
(Font)                  OT1/cmr/bx/n --> OT1/lmr/bx/n on input line 26.
LaTeX Font Info:    Overwriting symbol font `letters' in version `bold'
(Font)                  OML/cmm/b/it --> OML/lmm/b/it on input line 27.
LaTeX Font Info:    Overwriting symbol font `symbols' in version `bold'
(Font)                  OMS/cmsy/b/n --> OMS/lmsy/b/n on input line 28.
LaTeX Font Info:    Overwriting symbol font `largesymbols' in version `bold'
(Font)                  OMX/cmex/m/n --> OMX/lmex/m/n on input line 29.
LaTeX Font Info:    Overwriting math alphabet `\mathbf' in version `normal'
(Font)                  OT1/cmr/bx/n --> OT1/lmr/bx/n on input line 31.
LaTeX Font Info:    Overwriting math alphabet `\mathsf' in version `normal'
(Font)                  OT1/cmss/m/n --> OT1/lmss/m/n on input line 32.
LaTeX Font Info:    Overwriting math alphabet `\mathit' in version `normal'
(Font)                  OT1/cmr/m/it --> OT1/lmr/m/it on input line 33.
LaTeX Font Info:    Overwriting math alphabet `\mathtt' in version `normal'
(Font)                  OT1/cmtt/m/n --> OT1/lmtt/m/n on input line 34.
LaTeX Font Info:    Overwriting math alphabet `\mathbf' in version `bold'
(Font)                  OT1/cmr/bx/n --> OT1/lmr/bx/n on input line 35.
LaTeX Font Info:    Overwriting math alphabet `\mathsf' in version `bold'
(Font)                  OT1/cmss/bx/n --> OT1/lmss/bx/n on input line 36.
LaTeX Font Info:    Overwriting math alphabet `\mathit' in version `bold'
(Font)                  OT1/cmr/bx/it --> OT1/lmr/bx/it on input line 37.
LaTeX Font Info:    Overwriting math alphabet `\mathtt' in version `bold'
(Font)                  OT1/cmtt/m/n --> OT1/lmtt/m/n on input line 38.
) (/usr/local/texlive/2023/texmf-dist/tex/latex/upquote/upquote.sty
Package: upquote 2012/04/19 v1.3 upright-quote and grave-accent glyphs in verba
tim
(/usr/local/texlive/2023/texmf-dist/tex/latex/base/textcomp.sty
Package: textcomp 2020/02/02 v2.0n Standard LaTeX package
)) (/usr/local/texlive/2023/texmf-dist/tex/latex/microtype/microtype.sty
Package: microtype 2023/03/13 v3.1a Micro-typographical refinements (RS)
(/usr/local/texlive/2023/texmf-dist/tex/latex/graphics/keyval.sty
Package: keyval 2022/05/29 v1.15 key=value parser (DPC)
\KV@toks@=\toks21
) (/usr/local/texlive/2023/texmf-dist/tex/latex/etoolbox/etoolbox.sty
Package: etoolbox 2020/10/05 v2.5k e-TeX tools for LaTeX (JAW)
\etb@tempcnta=\count286
)
\MT@toks=\toks22
\MT@tempbox=\box54
\MT@count=\count287
LaTeX Info: Redefining \noprotrusionifhmode on input line 1059.
LaTeX Info: Redefining \leftprotrusion on input line 1060.
\MT@prot@toks=\toks23
LaTeX Info: Redefining \rightprotrusion on input line 1078.
LaTeX Info: Redefining \textls on input line 1368.
\MT@outer@kern=\dimen153
LaTeX Info: Redefining \textmicrotypecontext on input line 1988.
\MT@listname@count=\count288
(/usr/local/texlive/2023/texmf-dist/tex/latex/microtype/microtype-xetex.def
File: microtype-xetex.def 2023/03/13 v3.1a Definitions specific to xetex (RS)
LaTeX Info: Redefining \lsstyle on input line 238.
)
Package microtype Info: Loading configuration file microtype.cfg.
(/usr/local/texlive/2023/texmf-dist/tex/latex/microtype/microtype.cfg
File: microtype.cfg 2023/03/13 v3.1a microtype main configuration file (RS)
)) (/usr/local/texlive/2023/texmf-dist/tex/latex/parskip/parskip.sty
Package: parskip 2021-03-14 v2.0h non-zero parskip adjustments
(/usr/local/texlive/2023/texmf-dist/tex/latex/kvoptions/kvoptions.sty
Package: kvoptions 2022-06-15 v3.15 Key value format for package options (HO)
(/usr/local/texlive/2023/texmf-dist/tex/generic/ltxcmds/ltxcmds.sty
Package: ltxcmds 2020-05-10 v1.25 LaTeX kernel commands for general use (HO)
) (/usr/local/texlive/2023/texmf-dist/tex/latex/kvsetkeys/kvsetkeys.sty
Package: kvsetkeys 2022-10-05 v1.19 Key value parser (HO)
))) (/usr/local/texlive/2023/texmf-dist/tex/latex/xcolor/xcolor.sty
Package: xcolor 2022/06/12 v2.14 LaTeX color extensions (UK)
(/usr/local/texlive/2023/texmf-dist/tex/latex/graphics-cfg/color.cfg
File: color.cfg 2016/01/02 v1.6 sample color configuration
)
Package xcolor Info: Driver file: xetex.def on input line 227.
(/usr/local/texlive/2023/texmf-dist/tex/latex/graphics-def/xetex.def
File: xetex.def 2022/09/22 v5.0n Graphics/color driver for xetex
) (/usr/local/texlive/2023/texmf-dist/tex/latex/graphics/mathcolor.ltx)
Package xcolor Info: Model `cmy' substituted by `cmy0' on input line 1353.
Package xcolor Info: Model `RGB' extended on input line 1369.
Package xcolor Info: Model `HTML' substituted by `rgb' on input line 1371.
Package xcolor Info: Model `Hsb' substituted by `hsb' on input line 1372.
Package xcolor Info: Model `tHsb' substituted by `hsb' on input line 1373.
Package xcolor Info: Model `HSB' substituted by `hsb' on input line 1374.
Package xcolor Info: Model `Gray' substituted by `gray' on input line 1375.
Package xcolor Info: Model `wave' substituted by `hsb' on input line 1376.
) (/usr/local/texlive/2023/texmf-dist/tex/latex/geometry/geometry.sty
Package: geometry 2020/01/02 v5.9 Page Geometry
(/usr/local/texlive/2023/texmf-dist/tex/generic/iftex/ifvtex.sty
Package: ifvtex 2019/10/25 v1.7 ifvtex legacy package. Use iftex instead.
)
\Gm@cnth=\count289
\Gm@cntv=\count290
\c@Gm@tempcnt=\count291
\Gm@bindingoffset=\dimen154
\Gm@wd@mp=\dimen155
\Gm@odd@mp=\dimen156
\Gm@even@mp=\dimen157
\Gm@layoutwidth=\dimen158
\Gm@layoutheight=\dimen159
\Gm@layouthoffset=\dimen160
\Gm@layoutvoffset=\dimen161
\Gm@dimlist=\toks24
) (/usr/local/texlive/2023/texmf-dist/tex/latex/fancyvrb/fancyvrb.sty
Package: fancyvrb 2023/01/19 4.5a verbatim text (tvz,hv)
\FV@CodeLineNo=\count292
\FV@InFile=\read2
\FV@TabBox=\box55
\c@FancyVerbLine=\count293
\FV@StepNumber=\count294
\FV@OutFile=\write3
) (/usr/local/texlive/2023/texmf-dist/tex/latex/framed/framed.sty
Package: framed 2011/10/22 v 0.96: framed or shaded text with page breaks
\OuterFrameSep=\skip53
\fb@frw=\dimen162
\fb@frh=\dimen163
\FrameRule=\dimen164
\FrameSep=\dimen165
) (/usr/local/texlive/2023/texmf-dist/tex/latex/tools/longtable.sty
Package: longtable 2021-09-01 v4.17 Multi-page Table package (DPC)
\LTleft=\skip54
\LTright=\skip55
\LTpre=\skip56
\LTpost=\skip57
\LTchunksize=\count295
\LTcapwidth=\dimen166
\LT@head=\box56
\LT@firsthead=\box57
\LT@foot=\box58
\LT@lastfoot=\box59
\LT@gbox=\box60
\LT@cols=\count296
\LT@rows=\count297
\c@LT@tables=\count298
\c@LT@chunks=\count299
\LT@p@ftn=\toks25
) (/usr/local/texlive/2023/texmf-dist/tex/latex/booktabs/booktabs.sty
Package: booktabs 2020/01/12 v1.61803398 Publication quality tables
\heavyrulewidth=\dimen167
\lightrulewidth=\dimen168
\cmidrulewidth=\dimen169
\belowrulesep=\dimen170
\belowbottomsep=\dimen171
\aboverulesep=\dimen172
\abovetopsep=\dimen173
\cmidrulesep=\dimen174
\cmidrulekern=\dimen175
\defaultaddspace=\dimen176
\@cmidla=\count300
\@cmidlb=\count301
\@aboverulesep=\dimen177
\@belowrulesep=\dimen178
\@thisruleclass=\count302
\@lastruleclass=\count303
\@thisrulewidth=\dimen179
) (/usr/local/texlive/2023/texmf-dist/tex/latex/tools/array.sty
Package: array 2022/09/04 v2.5g Tabular extension package (FMi)
\col@sep=\dimen180
\ar@mcellbox=\box61
\extrarowheight=\dimen181
\NC@list=\toks26
\extratabsurround=\skip58
\backup@length=\skip59
\ar@cellbox=\box62
) (/usr/local/texlive/2023/texmf-dist/tex/latex/tools/calc.sty
Package: calc 2017/05/25 v4.3 Infix arithmetic (KKT,FJ)
\calc@Acount=\count304
\calc@Bcount=\count305
\calc@Adimen=\dimen182
\calc@Bdimen=\dimen183
\calc@Askip=\skip60
\calc@Bskip=\skip61
LaTeX Info: Redefining \setlength on input line 80.
LaTeX Info: Redefining \addtolength on input line 81.
\calc@Ccount=\count306
\calc@Cskip=\skip62
) (/usr/local/texlive/2023/texmf-dist/tex/latex/footnotehyper/footnotehyper.sty
Package: footnotehyper 2021/08/13 v1.1e hyperref aware footnote.sty (JFB)
\FNH@notes=\box63
\FNH@width=\dimen184
\FNH@toks=\toks27
) (/usr/local/texlive/2023/texmf-dist/tex/latex/graphics/graphicx.sty
Package: graphicx 2021/09/16 v1.2d Enhanced LaTeX Graphics (DPC,SPQR)
(/usr/local/texlive/2023/texmf-dist/tex/latex/graphics/graphics.sty
Package: graphics 2022/03/10 v1.4e Standard LaTeX Graphics (DPC,SPQR)
(/usr/local/texlive/2023/texmf-dist/tex/latex/graphics/trig.sty
Package: trig 2021/08/11 v1.11 sin cos tan (DPC)
) (/usr/local/texlive/2023/texmf-dist/tex/latex/graphics-cfg/graphics.cfg
File: graphics.cfg 2016/06/04 v1.11 sample graphics configuration
)
Package graphics Info: Driver file: xetex.def on input line 107.
)
\Gin@req@height=\dimen185
\Gin@req@width=\dimen186
)
\pandoc@box=\box64
(/usr/local/texlive/2023/texmf-dist/tex/xelatex/xecjk/xeCJK.sty
Package: xeCJK 2022/08/05 v3.9.1 Typesetting CJK scripts with XeLaTeX
(/usr/local/texlive/2023/texmf-dist/tex/latex/ctex/ctexhook.sty
Package: ctexhook 2022/07/14 v2.5.10 Document and package hooks (CTEX)
)
(/usr/local/texlive/2023/texmf-dist/tex/latex/l3packages/xtemplate/xtemplate.st
y
Package: xtemplate 2023-02-02 L3 Experimental prototype document functions
\l__xtemplate_tmp_dim=\dimen187
\l__xtemplate_tmp_int=\count307
\l__xtemplate_tmp_muskip=\muskip18
\l__xtemplate_tmp_skip=\skip63
)
\l__xeCJK_tmp_int=\count308
\l__xeCJK_tmp_box=\box65
\l__xeCJK_tmp_dim=\dimen188
\l__xeCJK_tmp_skip=\skip64
\g__xeCJK_space_factor_int=\count309
\l__xeCJK_begin_int=\count310
\l__xeCJK_end_int=\count311
\c__xeCJK_CJK_class_int=\XeTeXcharclass1
\c__xeCJK_FullLeft_class_int=\XeTeXcharclass2
\c__xeCJK_FullRight_class_int=\XeTeXcharclass3
\c__xeCJK_HalfLeft_class_int=\XeTeXcharclass4
\c__xeCJK_HalfRight_class_int=\XeTeXcharclass5
\c__xeCJK_NormalSpace_class_int=\XeTeXcharclass6
\c__xeCJK_CM_class_int=\XeTeXcharclass7
\c__xeCJK_HangulJamo_class_int=\XeTeXcharclass8
\l__xeCJK_last_skip=\skip65
\c__xeCJK_none_node=\count312
\g__xeCJK_node_int=\count313
\c__xeCJK_CJK_node_dim=\dimen189
\c__xeCJK_CJK-space_node_dim=\dimen190
\c__xeCJK_default_node_dim=\dimen191
\c__xeCJK_CJK-widow_node_dim=\dimen192
\c__xeCJK_normalspace_node_dim=\dimen193
\c__xeCJK_default-space_node_skip=\skip66
\l__xeCJK_ccglue_skip=\skip67
\l__xeCJK_ecglue_skip=\skip68
\l__xeCJK_punct_kern_skip=\skip69
\l__xeCJK_indent_box=\box66
\l__xeCJK_last_penalty_int=\count314
\l__xeCJK_last_bound_dim=\dimen194
\l__xeCJK_last_kern_dim=\dimen195
\l__xeCJK_widow_penalty_int=\count315

Package xtemplate Info: Declaring object type 'xeCJK/punctuation' taking 0
(xtemplate)             argument(s) on line 2396.

\l__xeCJK_fixed_punct_width_dim=\dimen196
\l__xeCJK_mixed_punct_width_dim=\dimen197
\l__xeCJK_middle_punct_width_dim=\dimen198
\l__xeCJK_fixed_margin_width_dim=\dimen199
\l__xeCJK_mixed_margin_width_dim=\dimen256
\l__xeCJK_middle_margin_width_dim=\dimen257
\l__xeCJK_bound_punct_width_dim=\dimen258
\l__xeCJK_bound_margin_width_dim=\dimen259
\l__xeCJK_margin_minimum_dim=\dimen260
\l__xeCJK_kerning_total_width_dim=\dimen261
\l__xeCJK_same_align_margin_dim=\dimen262
\l__xeCJK_different_align_margin_dim=\dimen263
\l__xeCJK_kerning_margin_width_dim=\dimen264
\l__xeCJK_kerning_margin_minimum_dim=\dimen265
\l__xeCJK_bound_dim=\dimen266
\l__xeCJK_reverse_bound_dim=\dimen267
\l__xeCJK_margin_dim=\dimen268
\l__xeCJK_minimum_bound_dim=\dimen269
\l__xeCJK_kerning_margin_dim=\dimen270
\g__xeCJK_family_int=\count316
\l__xeCJK_fam_int=\count317
\g__xeCJK_fam_allocation_int=\count318
\l__xeCJK_verb_case_int=\count319
\l__xeCJK_verb_exspace_skip=\skip70
(/usr/local/texlive/2023/texmf-dist/tex/xelatex/xecjk/xeCJK.cfg
File: xeCJK.cfg 2022/08/05 v3.9.1 Configuration file for xeCJK package
)) (/usr/local/texlive/2023/texmf-dist/tex/latex/enumitem/enumitem.sty
Package: enumitem 2019/06/20 v3.9 Customized lists
\labelindent=\skip71
\enit@outerparindent=\dimen271
\enit@toks=\toks28
\enit@inbox=\box67
\enit@count@id=\count320
\enitdp@description=\count321
)

Package fontspec Info: Charter scale = 0.8961265985831264.


Package fontspec Info: Charter scale = 0.8961265985831264.


Package fontspec Info: Charter/B scale = 0.8853407555768695.


Package fontspec Info: Charter/I scale = 0.8871203293959505.


Package fontspec Info: Charter/BI scale = 0.8722181564409696.


Package fontspec Info: Font family 'Charter(0)' created for font 'Charter'
(fontspec)             with options
(fontspec)             [Scale=MatchLowercase,Ligatures=TeX,Scale=1].
(fontspec)              
(fontspec)              This font family consists of the following NFSS
(fontspec)             series/shapes:
(fontspec)              
(fontspec)             - 'normal' (m/n) with NFSS spec.:
(fontspec)             <->s*[1]"Charter/OT:language=dflt;mapping=tex-text;"
(fontspec)             - 'small caps'  (m/sc) with NFSS spec.: 
(fontspec)             - 'bold' (b/n) with NFSS spec.:
(fontspec)             <->s*[1]"Charter/B/OT:language=dflt;mapping=tex-text;"
(fontspec)             - 'bold small caps'  (b/sc) with NFSS spec.: 
(fontspec)             - 'italic' (m/it) with NFSS spec.:
(fontspec)             <->s*[1]"Charter/I/OT:language=dflt;mapping=tex-text;"
(fontspec)             - 'italic small caps'  (m/scit) with NFSS spec.: 
(fontspec)             - 'bold italic' (b/it) with NFSS spec.:
(fontspec)             <->s*[1]"Charter/BI/OT:language=dflt;mapping=tex-text;"
(fontspec)             - 'bold italic small caps'  (b/scit) with NFSS spec.: 

LaTeX Font Info:    Font shape `TU/Charter(0)/m/n' will be
(Font)              scaled to size 10.0pt on input line 124.

Package fontspec Info: Charter scale = 0.9999968274212329.


Package fontspec Info: Charter scale = 0.9999968274212329.


Package fontspec Info: Charter/B scale = 0.9879607950075383.


Package fontspec Info: Charter/I scale = 0.9899466396148254.


Package fontspec Info: Charter/BI scale = 0.9733171525532593.


Package fontspec Info: Font family 'Charter(1)' created for font 'Charter'
(fontspec)             with options [Scale=MatchLowercase].
(fontspec)              
(fontspec)              This font family consists of the following NFSS
(fontspec)             series/shapes:
(fontspec)              
(fontspec)             - 'normal' (m/n) with NFSS spec.:
(fontspec)             <->s*[0.9999968274212329]"Charter/OT:language=dflt;"
(fontspec)             - 'small caps'  (m/sc) with NFSS spec.: 
(fontspec)             - 'bold' (b/n) with NFSS spec.:
(fontspec)             <->s*[0.9879607950075383]"Charter/B/OT:language=dflt;"
(fontspec)             - 'bold small caps'  (b/sc) with NFSS spec.: 
(fontspec)             - 'italic' (m/it) with NFSS spec.:
(fontspec)             <->s*[0.9899466396148254]"Charter/I/OT:language=dflt;"
(fontspec)             - 'italic small caps'  (m/scit) with NFSS spec.: 
(fontspec)             - 'bold italic' (b/it) with NFSS spec.:
(fontspec)             <->s*[0.9733171525532593]"Charter/BI/OT:language=dflt;"
(fontspec)             - 'bold italic small caps'  (b/scit) with NFSS spec.: 

LaTeX Font Info:    Overwriting math alphabet `\mathrm' in version `normal'
(Font)                  OT1/lmr/m/n --> TU/Charter(1)/m/n on input line 124.
LaTeX Font Info:    Overwriting math alphabet `\mathit' in version `normal'
(Font)                  OT1/lmr/m/it --> TU/Charter(1)/m/it on input line 124.
LaTeX Font Info:    Overwriting math alphabet `\mathbf' in version `normal'
(Font)                  OT1/lmr/bx/n --> TU/Charter(1)/b/n on input line 124.

Package fontspec Info: Consolas scale = 0.9810726435736942.


Package fontspec Info: Consolas scale = 0.9810726435736942.


Package fontspec Info: Consolas/B scale = 0.9694852070459922.


Package fontspec Info: Consolas/I scale = 0.9810726435736942.


Package fontspec Info: Consolas/BI scale = 0.9694852070459922.


Package fontspec Info: Font family 'Consolas(0)' created for font 'Consolas'
(fontspec)             with options
(fontspec)             [Scale=MatchLowercase,WordSpace={1,0,0},HyphenChar=None,
PunctuationSpace=WordSpace].
(fontspec)              
(fontspec)              This font family consists of the following NFSS
(fontspec)             series/shapes:
(fontspec)              
(fontspec)             - 'normal' (m/n) with NFSS spec.:
(fontspec)             <->s*[0.9810726435736942]"Consolas/OT:script=latn;langua
ge=dflt;"
(fontspec)             - 'small caps'  (m/sc) with NFSS spec.: 
(fontspec)             and font adjustment code:
(fontspec)             \fontdimen 2\font =1\fontdimen 2\font \fontdimen 3\font
(fontspec)             =0\fontdimen 3\font \fontdimen 4\font =0\fontdimen
(fontspec)             4\font \fontdimen 7\font =0\fontdimen 2\font
(fontspec)             \tex_hyphenchar:D \font =-1\scan_stop: 
(fontspec)             - 'bold' (b/n) with NFSS spec.:
(fontspec)             <->s*[0.9694852070459922]"Consolas/B/OT:script=latn;lang
uage=dflt;"
(fontspec)             - 'bold small caps'  (b/sc) with NFSS spec.: 
(fontspec)             and font adjustment code:
(fontspec)             \fontdimen 2\font =1\fontdimen 2\font \fontdimen 3\font
(fontspec)             =0\fontdimen 3\font \fontdimen 4\font =0\fontdimen
(fontspec)             4\font \fontdimen 7\font =0\fontdimen 2\font
(fontspec)             \tex_hyphenchar:D \font =-1\scan_stop: 
(fontspec)             - 'italic' (m/it) with NFSS spec.:
(fontspec)             <->s*[0.9810726435736942]"Consolas/I/OT:script=latn;lang
uage=dflt;"
(fontspec)             - 'italic small caps'  (m/scit) with NFSS spec.: 
(fontspec)             and font adjustment code:
(fontspec)             \fontdimen 2\font =1\fontdimen 2\font \fontdimen 3\font
(fontspec)             =0\fontdimen 3\font \fontdimen 4\font =0\fontdimen
(fontspec)             4\font \fontdimen 7\font =0\fontdimen 2\font
(fontspec)             \tex_hyphenchar:D \font =-1\scan_stop: 
(fontspec)             - 'bold italic' (b/it) with NFSS spec.:
(fontspec)             <->s*[0.9694852070459922]"Consolas/BI/OT:script=latn;lan
guage=dflt;"
(fontspec)             - 'bold italic small caps'  (b/scit) with NFSS spec.: 
(fontspec)             and font adjustment code:
(fontspec)             \fontdimen 2\font =1\fontdimen 2\font \fontdimen 3\font
(fontspec)             =0\fontdimen 3\font \fontdimen 4\font =0\fontdimen
(fontspec)             4\font \fontdimen 7\font =0\fontdimen 2\font
(fontspec)             \tex_hyphenchar:D \font =-1\scan_stop: 


Package fontspec Info: Consolas scale = 0.9810726435736942.


Package fontspec Info: Consolas scale = 0.9810726435736942.


Package fontspec Info: Consolas/B scale = 0.9694852070459922.


Package fontspec Info: Consolas/I scale = 0.9810726435736942.


Package fontspec Info: Consolas/BI scale = 0.9694852070459922.


Package fontspec Info: Font family 'Consolas(1)' created for font 'Consolas'
(fontspec)             with options [Scale=MatchLowercase].
(fontspec)              
(fontspec)              This font family consists of the following NFSS
(fontspec)             series/shapes:
(fontspec)              
(fontspec)             - 'normal' (m/n) with NFSS spec.:
(fontspec)             <->s*[0.9810726435736942]"Consolas/OT:script=latn;langua
ge=dflt;"
(fontspec)             - 'small caps'  (m/sc) with NFSS spec.: 
(fontspec)             - 'bold' (b/n) with NFSS spec.:
(fontspec)             <->s*[0.9694852070459922]"Consolas/B/OT:script=latn;lang
uage=dflt;"
(fontspec)             - 'bold small caps'  (b/sc) with NFSS spec.: 
(fontspec)             - 'italic' (m/it) with NFSS spec.:
(fontspec)             <->s*[0.9810726435736942]"Consolas/I/OT:script=latn;lang
uage=dflt;"
(fontspec)             - 'italic small caps'  (m/scit) with NFSS spec.: 
(fontspec)             - 'bold italic' (b/it) with NFSS spec.:
(fontspec)             <->s*[0.9694852070459922]"Consolas/BI/OT:script=latn;lan
guage=dflt;"
(fontspec)             - 'bold italic small caps'  (b/scit) with NFSS spec.: 

LaTeX Font Info:    Overwriting math alphabet `\mathtt' in version `normal'
(Font)                  OT1/lmtt/m/n --> TU/Consolas(1)/m/n on input line 125.
LaTeX Font Info:    Overwriting math alphabet `\mathtt' in version `bold'
(Font)                  OT1/lmtt/m/n --> TU/Consolas(1)/b/n on input line 125.
(/usr/local/texlive/2023/texmf-dist/tex/latex/natbib/natbib.sty
Package: natbib 2010/09/13 8.31b (PWD, AO)
\bibhang=\skip72
\bibsep=\skip73
LaTeX Info: Redefining \cite on input line 694.
\c@NAT@ctr=\count322
) (/usr/local/texlive/2023/texmf-dist/tex/latex/bookmark/bookmark.sty
Package: bookmark 2020-11-06 v1.29 PDF bookmarks (HO)
(/usr/local/texlive/2023/texmf-dist/tex/latex/hyperref/hyperref.sty
Package: hyperref 2023-02-07 v7.00v Hypertext links for LaTeX
(/usr/local/texlive/2023/texmf-dist/tex/generic/pdftexcmds/pdftexcmds.sty
Package: pdftexcmds 2020-06-27 v0.33 Utility functions of pdfTeX for LuaTeX (HO
)
(/usr/local/texlive/2023/texmf-dist/tex/generic/infwarerr/infwarerr.sty
Package: infwarerr 2019/12/03 v1.5 Providing info/warning/error messages (HO)
)
Package pdftexcmds Info: \pdf@primitive is available.
Package pdftexcmds Info: \pdf@ifprimitive is available.
Package pdftexcmds Info: \pdfdraftmode not found.
) (/usr/local/texlive/2023/texmf-dist/tex/generic/kvdefinekeys/kvdefinekeys.sty
Package: kvdefinekeys 2019-12-19 v1.6 Define keys (HO)
) (/usr/local/texlive/2023/texmf-dist/tex/generic/pdfescape/pdfescape.sty
Package: pdfescape 2019/12/09 v1.15 Implements pdfTeX's escape features (HO)
) (/usr/local/texlive/2023/texmf-dist/tex/latex/hycolor/hycolor.sty
Package: hycolor 2020-01-27 v1.10 Color options for hyperref/bookmark (HO)
) (/usr/local/texlive/2023/texmf-dist/tex/latex/letltxmacro/letltxmacro.sty
Package: letltxmacro 2019/12/03 v1.6 Let assignment for LaTeX macros (HO)
) (/usr/local/texlive/2023/texmf-dist/tex/latex/auxhook/auxhook.sty
Package: auxhook 2019-12-17 v1.6 Hooks for auxiliary files (HO)
) (/usr/local/texlive/2023/texmf-dist/tex/latex/hyperref/nameref.sty
Package: nameref 2022-05-17 v2.50 Cross-referencing by name of section
(/usr/local/texlive/2023/texmf-dist/tex/latex/refcount/refcount.sty
Package: refcount 2019/12/15 v3.6 Data extraction from label references (HO)
)
(/usr/local/texlive/2023/texmf-dist/tex/generic/gettitlestring/gettitlestring.s
ty
Package: gettitlestring 2019/12/15 v1.6 Cleanup title references (HO)
)
\c@section@level=\count323
)
\@linkdim=\dimen272
\Hy@linkcounter=\count324
\Hy@pagecounter=\count325
(/usr/local/texlive/2023/texmf-dist/tex/latex/hyperref/pd1enc.def
File: pd1enc.def 2023-02-07 v7.00v Hyperref: PDFDocEncoding definition (HO)
) (/usr/local/texlive/2023/texmf-dist/tex/generic/intcalc/intcalc.sty
Package: intcalc 2019/12/15 v1.3 Expandable calculations with integers (HO)
) (/usr/local/texlive/2023/texmf-dist/tex/generic/etexcmds/etexcmds.sty
Package: etexcmds 2019/12/15 v1.7 Avoid name clashes with e-TeX commands (HO)
)
\Hy@SavedSpaceFactor=\count326
(/usr/local/texlive/2023/texmf-dist/tex/latex/hyperref/puenc.def
File: puenc.def 2023-02-07 v7.00v Hyperref: PDF Unicode definition (HO)
)
Package hyperref Info: Option `unicode' set `true' on input line 4060.
Package hyperref Info: Hyper figures OFF on input line 4177.
Package hyperref Info: Link nesting OFF on input line 4182.
Package hyperref Info: Hyper index ON on input line 4185.
Package hyperref Info: Plain pages OFF on input line 4192.
Package hyperref Info: Backreferencing OFF on input line 4197.
Package hyperref Info: Implicit mode ON; LaTeX internals redefined.
Package hyperref Info: Bookmarks ON on input line 4425.
\c@Hy@tempcnt=\count327
(/usr/local/texlive/2023/texmf-dist/tex/latex/url/url.sty
\Urlmuskip=\muskip19
Package: url 2013/09/16  ver 3.4  Verb mode for urls, etc.
)
LaTeX Info: Redefining \url on input line 4763.
\XeTeXLinkMargin=\dimen273
(/usr/local/texlive/2023/texmf-dist/tex/generic/bitset/bitset.sty
Package: bitset 2019/12/09 v1.3 Handle bit-vector datatype (HO)
(/usr/local/texlive/2023/texmf-dist/tex/generic/bigintcalc/bigintcalc.sty
Package: bigintcalc 2019/12/15 v1.5 Expandable calculations on big integers (HO
)
))
\Fld@menulength=\count328
\Field@Width=\dimen274
\Fld@charsize=\dimen275
Package hyperref Info: Hyper figures OFF on input line 6042.
Package hyperref Info: Link nesting OFF on input line 6047.
Package hyperref Info: Hyper index ON on input line 6050.
Package hyperref Info: backreferencing OFF on input line 6057.
Package hyperref Info: Link coloring OFF on input line 6062.
Package hyperref Info: Link coloring with OCG OFF on input line 6067.
Package hyperref Info: PDF/A mode OFF on input line 6072.
(/usr/local/texlive/2023/texmf-dist/tex/latex/base/atbegshi-ltx.sty
Package: atbegshi-ltx 2021/01/10 v1.0c Emulation of the original atbegshi
package with kernel methods
)
\Hy@abspage=\count329
\c@Item=\count330
\c@Hfootnote=\count331
)
Package hyperref Info: Driver (autodetected): hxetex.
(/usr/local/texlive/2023/texmf-dist/tex/latex/hyperref/hxetex.def
File: hxetex.def 2023-02-07 v7.00v Hyperref driver for XeTeX
(/usr/local/texlive/2023/texmf-dist/tex/generic/stringenc/stringenc.sty
Package: stringenc 2019/11/29 v1.12 Convert strings between diff. encodings (HO
)
)
\pdfm@box=\box68
\c@Hy@AnnotLevel=\count332
\HyField@AnnotCount=\count333
\Fld@listcount=\count334
\c@bookmark@seq@number=\count335

(/usr/local/texlive/2023/texmf-dist/tex/latex/rerunfilecheck/rerunfilecheck.sty
Package: rerunfilecheck 2022-07-10 v1.10 Rerun checks for auxiliary files (HO)
(/usr/local/texlive/2023/texmf-dist/tex/latex/base/atveryend-ltx.sty
Package: atveryend-ltx 2020/08/19 v1.0a Emulation of the original atveryend pac
kage
with kernel methods
)
(/usr/local/texlive/2023/texmf-dist/tex/generic/uniquecounter/uniquecounter.sty
Package: uniquecounter 2019/12/15 v1.4 Provide unlimited unique counter (HO)
)
Package uniquecounter Info: New unique counter `rerunfilecheck' on input line 2
85.
)
\Hy@SectionHShift=\skip74
) (/usr/local/texlive/2023/texmf-dist/tex/latex/bookmark/bkm-dvipdfm.def
File: bkm-dvipdfm.def 2020-11-06 v1.29 bookmark driver for dvipdfm (HO)
\BKM@id=\count336
)) (/usr/local/texlive/2023/texmf-dist/tex/latex/xurl/xurl.sty
Package: xurl 2022/01/09 v 0.10 modify URL breaks
) (/usr/local/texlive/2023/texmf-dist/tex/latex/amscls/amsthm.sty
Package: amsthm 2020/05/29 v2.20.6
\thm@style=\toks29
\thm@bodyfont=\toks30
\thm@headfont=\toks31
\thm@notefont=\toks32
\thm@headpunct=\toks33
\thm@preskip=\skip75
\thm@postskip=\skip76
\thm@headsep=\skip77
\dth@everypar=\toks34
)
\c@theorem=\count337
\c@lemma=\count338
\c@corollary=\count339
\c@proposition=\count340
\c@conjecture=\count341
\c@definition=\count342
\c@example=\count343
\c@exercise=\count344
\c@hypothesis=\count345

Package xeCJK Warning: Fandol is being set as the default font for CJK text.
(xeCJK)                Please make sure it has been properly installed.


Package fontspec Warning: Font "FandolSong-Regular" does not contain requested
(fontspec)                Script "CJK".


Package fontspec Info: FandolSong-Regular scale = 1.115906266705846.


Package fontspec Info: FandolSong-Regular scale = 1.115906266705846.


Package fontspec Info: FandolSong-Bold scale = 1.083232238531038.


Package fontspec Info: FandolKai-Regular scale = 1.088134774053233.


Package fontspec Info: Font family 'FandolSong-Regular(0)' created for font
(fontspec)             'FandolSong-Regular' with options
(fontspec)             [Scale=MatchLowercase,Script={CJK},Extension={.otf},Bold
Font={FandolSong-Bold},ItalicFont={FandolKai-Regular}].
(fontspec)              
(fontspec)              This font family consists of the following NFSS
(fontspec)             series/shapes:
(fontspec)              
(fontspec)             - 'normal' (m/n) with NFSS spec.:
(fontspec)             <->s*[1.115906266705846]"[FandolSong-Regular.otf]/OT:lan
guage=dflt;"
(fontspec)             - 'small caps'  (m/sc) with NFSS spec.: 
(fontspec)             - 'bold' (b/n) with NFSS spec.:
(fontspec)             <->s*[1.083232238531038]"[FandolSong-Bold.otf]/OT:langua
ge=dflt;"
(fontspec)             - 'bold small caps'  (b/sc) with NFSS spec.: 
(fontspec)             - 'italic' (m/it) with NFSS spec.:
(fontspec)             <->s*[1.088134774053233]"[FandolKai-Regular.otf]/OT:lang
uage=dflt;"
(fontspec)             - 'italic small caps'  (m/scit) with NFSS spec.: 

(./_main.aux

LaTeX Warning: Label `fig:unnamed-chunk-2' multiply defined.


LaTeX Warning: Label `fig:unnamed-chunk-3' multiply defined.

)
\openout1 = `_main.aux'.

LaTeX Font Info:    Checking defaults for OML/cmm/m/it on input line 157.
LaTeX Font Info:    ... okay on input line 157.
LaTeX Font Info:    Checking defaults for OMS/cmsy/m/n on input line 157.
LaTeX Font Info:    ... okay on input line 157.
LaTeX Font Info:    Checking defaults for OT1/cmr/m/n on input line 157.
LaTeX Font Info:    ... okay on input line 157.
LaTeX Font Info:    Checking defaults for T1/cmr/m/n on input line 157.
LaTeX Font Info:    ... okay on input line 157.
LaTeX Font Info:    Checking defaults for TS1/cmr/m/n on input line 157.
LaTeX Font Info:    ... okay on input line 157.
LaTeX Font Info:    Checking defaults for TU/lmr/m/n on input line 157.
LaTeX Font Info:    ... okay on input line 157.
LaTeX Font Info:    Checking defaults for OMX/cmex/m/n on input line 157.
LaTeX Font Info:    ... okay on input line 157.
LaTeX Font Info:    Checking defaults for U/cmr/m/n on input line 157.
LaTeX Font Info:    ... okay on input line 157.
LaTeX Font Info:    Checking defaults for PD1/pdf/m/n on input line 157.
LaTeX Font Info:    ... okay on input line 157.
LaTeX Font Info:    Checking defaults for PU/pdf/m/n on input line 157.
LaTeX Font Info:    ... okay on input line 157.
LaTeX Font Info:    Overwriting math alphabet `\mathsf' in version `normal'
(Font)                  OT1/lmss/m/n --> TU/lmss/m/n on input line 157.
LaTeX Font Info:    Overwriting math alphabet `\mathsf' in version `bold'
(Font)                  OT1/lmss/bx/n --> TU/lmss/b/n on input line 157.

Package fontspec Info: latinmodern-math scale = 1.115906266705846.


Package fontspec Info: latinmodern-math scale = 1.115906266705846.


Package fontspec Info: latinmodern-math scale = 1.115906266705846.


Package fontspec Info: Font family 'latinmodern-math.otf(0)' created for font
(fontspec)             'latinmodern-math.otf' with options
(fontspec)             [Scale=MatchLowercase,BoldItalicFont={},ItalicFont={},Sm
allCapsFont={},Script=Math,BoldFont={latinmodern-math.otf}].
(fontspec)              
(fontspec)              This font family consists of the following NFSS
(fontspec)             series/shapes:
(fontspec)              
(fontspec)             - 'normal' (m/n) with NFSS spec.:
(fontspec)             <->s*[1.115906266705846]"[latinmodern-math.otf]/OT:scrip
t=math;language=dflt;"
(fontspec)             - 'small caps'  (m/sc) with NFSS spec.: 
(fontspec)             - 'bold' (b/n) with NFSS spec.:
(fontspec)             <->s*[1.115906266705846]"[latinmodern-math.otf]/OT:scrip
t=math;language=dflt;"
(fontspec)             - 'bold small caps'  (b/sc) with NFSS spec.: 

LaTeX Font Info:    Font shape `TU/latinmodern-math.otf(0)/m/n' will be
(Font)              scaled to size 11.15906pt on input line 157.

Package fontspec Info: latinmodern-math scale = 1.115906266705846.


Package fontspec Info: latinmodern-math scale = 1.115906266705846.


Package fontspec Info: latinmodern-math scale = 1.115906266705846.


Package fontspec Info: latinmodern-math scale = 1.115906266705846.


Package fontspec Info: latinmodern-math scale = 1.115906266705846.


Package fontspec Info: Font family 'latinmodern-math.otf(1)' created for font
(fontspec)             'latinmodern-math.otf' with options
(fontspec)             [Scale=MatchLowercase,BoldItalicFont={},ItalicFont={},Sm
allCapsFont={},Script=Math,SizeFeatures={{Size=8.5-},{Size=6-8.5,Font=latinmode
rn-math.otf,Style=MathScript},{Size=-6,Font=latinmodern-math.otf,Style=MathScri
ptScript}},BoldFont={latinmodern-math.otf}].
(fontspec)              
(fontspec)              This font family consists of the following NFSS
(fontspec)             series/shapes:
(fontspec)              
(fontspec)             - 'normal' (m/n) with NFSS spec.:
(fontspec)             <8.5->s*[1.115906266705846]"[latinmodern-math.otf]/OT:sc
ript=math;language=dflt;"<6-8.5>s*[1.115906266705846]"[latinmodern-math.otf]/OT
:script=math;language=dflt;+ssty=0;"<-6>s*[1.115906266705846]"[latinmodern-math
.otf]/OT:script=math;language=dflt;+ssty=1;"
(fontspec)             - 'small caps'  (m/sc) with NFSS spec.: 
(fontspec)             - 'bold' (b/n) with NFSS spec.:
(fontspec)             <->s*[1.115906266705846]"[latinmodern-math.otf]/OT:scrip
t=math;language=dflt;"
(fontspec)             - 'bold small caps'  (b/sc) with NFSS spec.: 

LaTeX Font Info:    Font shape `TU/latinmodern-math.otf(1)/m/n' will be
(Font)              scaled to size 11.15906pt on input line 157.
LaTeX Font Info:    Encoding `OT1' has changed to `TU' for symbol font
(Font)              `operators' in the math version `normal' on input line 157.

LaTeX Font Info:    Overwriting symbol font `operators' in version `normal'
(Font)                  OT1/lmr/m/n --> TU/latinmodern-math.otf(1)/m/n on input
 line 157.
LaTeX Font Info:    Encoding `OT1' has changed to `TU' for symbol font
(Font)              `operators' in the math version `bold' on input line 157.
LaTeX Font Info:    Overwriting symbol font `operators' in version `bold'
(Font)                  OT1/lmr/bx/n --> TU/latinmodern-math.otf(1)/b/n on inpu
t line 157.

Package fontspec Info: latinmodern-math scale = 1.115906266705846.


Package fontspec Info: latinmodern-math scale = 1.116017857332517.


Package fontspec Info: latinmodern-math scale = 1.115906266705846.


Package fontspec Info: latinmodern-math scale = 1.116017857332517.


Package fontspec Info: latinmodern-math scale = 1.115906266705846.


Package fontspec Info: latinmodern-math scale = 1.116017857332517.


Package fontspec Info: latinmodern-math scale = 1.115906266705846.


Package fontspec Info: latinmodern-math scale = 1.116017857332517.


Package fontspec Info: latinmodern-math scale = 1.115906266705846.


Package fontspec Info: latinmodern-math scale = 1.116017857332517.


Package fontspec Info: Font family 'latinmodern-math.otf(2)' created for font
(fontspec)             'latinmodern-math.otf' with options
(fontspec)             [Scale=MatchLowercase,BoldItalicFont={},ItalicFont={},Sm
allCapsFont={},Script=Math,SizeFeatures={{Size=8.5-},{Size=6-8.5,Font=latinmode
rn-math.otf,Style=MathScript},{Size=-6,Font=latinmodern-math.otf,Style=MathScri
ptScript}},BoldFont={latinmodern-math.otf},ScaleAgain=1.0001,FontAdjustment={\f
ontdimen
(fontspec)             8\font =7.55469pt\relax \fontdimen 9\font
(fontspec)             =4.39667pt\relax \fontdimen 10\font =4.95462pt\relax
(fontspec)             \fontdimen 11\font =7.65512pt\relax \fontdimen 12\font
(fontspec)             =3.84987pt\relax \fontdimen 13\font =4.05074pt\relax
(fontspec)             \fontdimen 14\font =4.05074pt\relax \fontdimen 15\font
(fontspec)             =3.22496pt\relax \fontdimen 16\font =2.75629pt\relax
(fontspec)             \fontdimen 17\font =2.75629pt\relax \fontdimen 18\font
(fontspec)             =2.78976pt\relax \fontdimen 19\font =2.23181pt\relax
(fontspec)             \fontdimen 22\font =2.78976pt\relax \fontdimen 20\font
(fontspec)             =0pt\relax \fontdimen 21\font =0pt\relax }].
(fontspec)              
(fontspec)              This font family consists of the following NFSS
(fontspec)             series/shapes:
(fontspec)              
(fontspec)             - 'normal' (m/n) with NFSS spec.:
(fontspec)             <8.5->s*[1.116017857332517]"[latinmodern-math.otf]/OT:sc
ript=math;language=dflt;"<6-8.5>s*[1.116017857332517]"[latinmodern-math.otf]/OT
:script=math;language=dflt;+ssty=0;"<-6>s*[1.116017857332517]"[latinmodern-math
.otf]/OT:script=math;language=dflt;+ssty=1;"
(fontspec)             - 'small caps'  (m/sc) with NFSS spec.: 
(fontspec)             and font adjustment code:
(fontspec)             \fontdimen 8\font =7.55469pt\relax \fontdimen 9\font
(fontspec)             =4.39667pt\relax \fontdimen 10\font =4.95462pt\relax
(fontspec)             \fontdimen 11\font =7.65512pt\relax \fontdimen 12\font
(fontspec)             =3.84987pt\relax \fontdimen 13\font =4.05074pt\relax
(fontspec)             \fontdimen 14\font =4.05074pt\relax \fontdimen 15\font
(fontspec)             =3.22496pt\relax \fontdimen 16\font =2.75629pt\relax
(fontspec)             \fontdimen 17\font =2.75629pt\relax \fontdimen 18\font
(fontspec)             =2.78976pt\relax \fontdimen 19\font =2.23181pt\relax
(fontspec)             \fontdimen 22\font =2.78976pt\relax \fontdimen 20\font
(fontspec)             =0pt\relax \fontdimen 21\font =0pt\relax 
(fontspec)             - 'bold' (b/n) with NFSS spec.:
(fontspec)             <->s*[1.116017857332517]"[latinmodern-math.otf]/OT:scrip
t=math;language=dflt;"
(fontspec)             - 'bold small caps'  (b/sc) with NFSS spec.: 
(fontspec)             and font adjustment code:
(fontspec)             \fontdimen 8\font =7.55469pt\relax \fontdimen 9\font
(fontspec)             =4.39667pt\relax \fontdimen 10\font =4.95462pt\relax
(fontspec)             \fontdimen 11\font =7.65512pt\relax \fontdimen 12\font
(fontspec)             =3.84987pt\relax \fontdimen 13\font =4.05074pt\relax
(fontspec)             \fontdimen 14\font =4.05074pt\relax \fontdimen 15\font
(fontspec)             =3.22496pt\relax \fontdimen 16\font =2.75629pt\relax
(fontspec)             \fontdimen 17\font =2.75629pt\relax \fontdimen 18\font
(fontspec)             =2.78976pt\relax \fontdimen 19\font =2.23181pt\relax
(fontspec)             \fontdimen 22\font =2.78976pt\relax \fontdimen 20\font
(fontspec)             =0pt\relax \fontdimen 21\font =0pt\relax 

LaTeX Font Info:    Encoding `OMS' has changed to `TU' for symbol font
(Font)              `symbols' in the math version `normal' on input line 157.
LaTeX Font Info:    Overwriting symbol font `symbols' in version `normal'
(Font)                  OMS/lmsy/m/n --> TU/latinmodern-math.otf(2)/m/n on inpu
t line 157.
LaTeX Font Info:    Encoding `OMS' has changed to `TU' for symbol font
(Font)              `symbols' in the math version `bold' on input line 157.
LaTeX Font Info:    Overwriting symbol font `symbols' in version `bold'
(Font)                  OMS/lmsy/b/n --> TU/latinmodern-math.otf(2)/b/n on inpu
t line 157.

Package fontspec Info: latinmodern-math scale = 1.115906266705846.


Package fontspec Info: latinmodern-math scale = 1.115794676079175.


Package fontspec Info: latinmodern-math scale = 1.115906266705846.


Package fontspec Info: latinmodern-math scale = 1.115794676079175.


Package fontspec Info: latinmodern-math scale = 1.115906266705846.


Package fontspec Info: latinmodern-math scale = 1.115794676079175.


Package fontspec Info: latinmodern-math scale = 1.115906266705846.


Package fontspec Info: latinmodern-math scale = 1.115794676079175.


Package fontspec Info: latinmodern-math scale = 1.115906266705846.


Package fontspec Info: latinmodern-math scale = 1.115794676079175.


Package fontspec Info: Font family 'latinmodern-math.otf(3)' created for font
(fontspec)             'latinmodern-math.otf' with options
(fontspec)             [Scale=MatchLowercase,BoldItalicFont={},ItalicFont={},Sm
allCapsFont={},Script=Math,SizeFeatures={{Size=8.5-},{Size=6-8.5,Font=latinmode
rn-math.otf,Style=MathScript},{Size=-6,Font=latinmodern-math.otf,Style=MathScri
ptScript}},BoldFont={latinmodern-math.otf},ScaleAgain=0.9999,FontAdjustment={\f
ontdimen
(fontspec)             8\font =0.44637pt\relax \fontdimen 9\font
(fontspec)             =2.23181pt\relax \fontdimen 10\font =1.86356pt\relax
(fontspec)             \fontdimen 11\font =1.23866pt\relax \fontdimen 12\font
(fontspec)             =6.69543pt\relax \fontdimen 13\font =0pt\relax }].
(fontspec)              
(fontspec)              This font family consists of the following NFSS
(fontspec)             series/shapes:
(fontspec)              
(fontspec)             - 'normal' (m/n) with NFSS spec.:
(fontspec)             <8.5->s*[1.115794676079175]"[latinmodern-math.otf]/OT:sc
ript=math;language=dflt;"<6-8.5>s*[1.115794676079175]"[latinmodern-math.otf]/OT
:script=math;language=dflt;+ssty=0;"<-6>s*[1.115794676079175]"[latinmodern-math
.otf]/OT:script=math;language=dflt;+ssty=1;"
(fontspec)             - 'small caps'  (m/sc) with NFSS spec.: 
(fontspec)             and font adjustment code:
(fontspec)             \fontdimen 8\font =0.44637pt\relax \fontdimen 9\font
(fontspec)             =2.23181pt\relax \fontdimen 10\font =1.86356pt\relax
(fontspec)             \fontdimen 11\font =1.23866pt\relax \fontdimen 12\font
(fontspec)             =6.69543pt\relax \fontdimen 13\font =0pt\relax 
(fontspec)             - 'bold' (b/n) with NFSS spec.:
(fontspec)             <->s*[1.115794676079175]"[latinmodern-math.otf]/OT:scrip
t=math;language=dflt;"
(fontspec)             - 'bold small caps'  (b/sc) with NFSS spec.: 
(fontspec)             and font adjustment code:
(fontspec)             \fontdimen 8\font =0.44637pt\relax \fontdimen 9\font
(fontspec)             =2.23181pt\relax \fontdimen 10\font =1.86356pt\relax
(fontspec)             \fontdimen 11\font =1.23866pt\relax \fontdimen 12\font
(fontspec)             =6.69543pt\relax \fontdimen 13\font =0pt\relax 

LaTeX Font Info:    Encoding `OMX' has changed to `TU' for symbol font
(Font)              `largesymbols' in the math version `normal' on input line 1
57.
LaTeX Font Info:    Overwriting symbol font `largesymbols' in version `normal'
(Font)                  OMX/lmex/m/n --> TU/latinmodern-math.otf(3)/m/n on inpu
t line 157.
LaTeX Font Info:    Encoding `OMX' has changed to `TU' for symbol font
(Font)              `largesymbols' in the math version `bold' on input line 157
.
LaTeX Font Info:    Overwriting symbol font `largesymbols' in version `bold'
(Font)                  OMX/lmex/m/n --> TU/latinmodern-math.otf(3)/b/n on inpu
t line 157.
LaTeX Info: Redefining \microtypecontext on input line 157.
Package microtype Info: Applying patch `item' on input line 157.
Package microtype Info: Applying patch `toc' on input line 157.
Package microtype Info: Applying patch `eqnum' on input line 157.
Package microtype Info: Applying patch `footnote' on input line 157.
Package microtype Info: Applying patch `verbatim' on input line 157.
Package microtype Info: Character protrusion enabled (level 2).
Package microtype Info: Using protrusion set `basicmath'.
Package microtype Info: No adjustment of tracking.
Package microtype Info: No adjustment of spacing.
Package microtype Info: No adjustment of kerning.
Package microtype Info: Loading generic protrusion settings for font family
(microtype)             `Charter' (encoding: TU).
(microtype)             For optimal results, create family-specific settings.
(microtype)             See the microtype manual for details.
Package microtype Info: Character `textendash ' is missing
(microtype)             in font `TU/Charter(0)/m/n/10'.
(microtype)             Ignoring protrusion settings for this character.
Package microtype Info: Character `textemdash ' is missing
(microtype)             in font `TU/Charter(0)/m/n/10'.
(microtype)             Ignoring protrusion settings for this character.
Package microtype Info: Character `textquoteleft ' is missing
(microtype)             in font `TU/Charter(0)/m/n/10'.
(microtype)             Ignoring protrusion settings for this character.
Package microtype Info: Character `textquoteright ' is missing
(microtype)             in font `TU/Charter(0)/m/n/10'.
(microtype)             Ignoring protrusion settings for this character.
Package microtype Info: Character `textquotedblleft ' is missing
(microtype)             in font `TU/Charter(0)/m/n/10'.
(microtype)             Ignoring protrusion settings for this character.
Package microtype Info: Character `textquotedblright ' is missing
(microtype)             in font `TU/Charter(0)/m/n/10'.
(microtype)             Ignoring protrusion settings for this character.
*geometry* driver: auto-detecting
*geometry* detected driver: xetex
*geometry* verbose mode - [ preamble ] result:
* driver: xetex
* paper: a4paper
* layout: <same size as paper>
* layoutoffset:(h,v)=(0.0pt,0.0pt)
* modes: twoside 
* h-part:(L,W,R)=(72.26997pt, 416.83289pt, 108.40501pt)
* v-part:(T,H,B)=(72.26997pt, 700.5069pt, 72.26997pt)
* \paperwidth=597.50787pt
* \paperheight=845.04684pt
* \textwidth=416.83289pt
* \textheight=700.5069pt
* \oddsidemargin=-0.00002pt
* \evensidemargin=36.13503pt
* \topmargin=-30.0675pt
* \headheight=12.0pt
* \headsep=18.06749pt
* \topskip=10.0pt
* \footskip=25.29494pt
* \marginparwidth=115.0pt
* \marginparsep=7.0pt
* \columnsep=10.0pt
* \skip\footins=9.0pt plus 4.0pt minus 2.0pt
* \hoffset=0.0pt
* \voffset=0.0pt
* \mag=1000
* \@twocolumnfalse
* \@twosidetrue
* \@mparswitchtrue
* \@reversemarginfalse
* (1in=72.27pt=25.4mm, 1cm=28.453pt)

Package hyperref Info: Link coloring OFF on input line 157.
LaTeX Font Info:    Font shape `TU/Charter(0)/m/n' will be
(Font)              scaled to size 17.28pt on input line 159.
LaTeX Font Info:    Font shape `TU/Charter(0)/m/n' will be
(Font)              scaled to size 12.0pt on input line 159.
Package microtype Info: Character `textendash ' is missing
(microtype)             in font `TU/Charter(0)/m/n/12'.
(microtype)             Ignoring protrusion settings for this character.
Package microtype Info: Character `textemdash ' is missing
(microtype)             in font `TU/Charter(0)/m/n/12'.
(microtype)             Ignoring protrusion settings for this character.
Package microtype Info: Character `textquoteleft ' is missing
(microtype)             in font `TU/Charter(0)/m/n/12'.
(microtype)             Ignoring protrusion settings for this character.
Package microtype Info: Character `textquoteright ' is missing
(microtype)             in font `TU/Charter(0)/m/n/12'.
(microtype)             Ignoring protrusion settings for this character.
Package microtype Info: Character `textquotedblleft ' is missing
(microtype)             in font `TU/Charter(0)/m/n/12'.
(microtype)             Ignoring protrusion settings for this character.
Package microtype Info: Character `textquotedblright ' is missing
(microtype)             in font `TU/Charter(0)/m/n/12'.
(microtype)             Ignoring protrusion settings for this character.
LaTeX Font Info:    Font shape `TU/latinmodern-math.otf(1)/m/n' will be
(Font)              scaled to size 13.39087pt on input line 159.
LaTeX Font Info:    Font shape `TU/latinmodern-math.otf(1)/m/n' will be
(Font)              scaled to size 8.92725pt on input line 159.
LaTeX Font Info:    Font shape `TU/latinmodern-math.otf(1)/m/n' will be
(Font)              scaled to size 6.69543pt on input line 159.
LaTeX Font Info:    Trying to load font information for OML+lmm on input line 1
59.
(/usr/local/texlive/2023/texmf-dist/tex/latex/lm/omllmm.fd
File: omllmm.fd 2015/05/01 v1.6.1 Font defs for Latin Modern
)
LaTeX Font Info:    Font shape `TU/latinmodern-math.otf(2)/m/n' will be
(Font)              scaled to size 13.39215pt on input line 159.
LaTeX Font Info:    Font shape `TU/latinmodern-math.otf(2)/m/n' will be
(Font)              scaled to size 8.9281pt on input line 159.
LaTeX Font Info:    Font shape `TU/latinmodern-math.otf(2)/m/n' will be
(Font)              scaled to size 6.69608pt on input line 159.
LaTeX Font Info:    Font shape `TU/latinmodern-math.otf(3)/m/n' will be
(Font)              scaled to size 13.38959pt on input line 159.
LaTeX Font Info:    Font shape `TU/latinmodern-math.otf(3)/m/n' will be
(Font)              scaled to size 8.92639pt on input line 159.
LaTeX Font Info:    Font shape `TU/latinmodern-math.otf(3)/m/n' will be
(Font)              scaled to size 6.6948pt on input line 159.
LaTeX Font Info:    Trying to load font information for U+msa on input line 159
.
(/usr/local/texlive/2023/texmf-dist/tex/latex/amsfonts/umsa.fd
File: umsa.fd 2013/01/14 v3.01 AMS symbols A
) (/usr/local/texlive/2023/texmf-dist/tex/latex/microtype/mt-msa.cfg
File: mt-msa.cfg 2006/02/04 v1.1 microtype config. file: AMS symbols (a) (RS)
)
LaTeX Font Info:    Trying to load font information for U+msb on input line 159
.
(/usr/local/texlive/2023/texmf-dist/tex/latex/amsfonts/umsb.fd
File: umsb.fd 2013/01/14 v3.01 AMS symbols B
) (/usr/local/texlive/2023/texmf-dist/tex/latex/microtype/mt-msb.cfg
File: mt-msb.cfg 2005/06/01 v1.0 microtype config. file: AMS symbols (b) (RS)
) [1


]
LaTeX Font Info:    Font shape `TU/Charter(0)/m/sl' in size <10> not available
(Font)              Font shape `TU/Charter(0)/m/it' tried instead on input line
 178.
LaTeX Font Info:    Font shape `TU/Charter(0)/m/it' will be
(Font)              scaled to size 10.0pt on input line 178.
Package microtype Info: Character `textendash ' is missing
(microtype)             in font `TU/Charter(0)/m/it/10'.
(microtype)             Ignoring protrusion settings for this character.
Package microtype Info: Character `textemdash ' is missing
(microtype)             in font `TU/Charter(0)/m/it/10'.
(microtype)             Ignoring protrusion settings for this character.
Package microtype Info: Character `textquoteleft ' is missing
(microtype)             in font `TU/Charter(0)/m/it/10'.
(microtype)             Ignoring protrusion settings for this character.
Package microtype Info: Character `textquoteright ' is missing
(microtype)             in font `TU/Charter(0)/m/it/10'.
(microtype)             Ignoring protrusion settings for this character.
Package microtype Info: Character `textquotedblleft ' is missing
(microtype)             in font `TU/Charter(0)/m/it/10'.
(microtype)             Ignoring protrusion settings for this character.
Package microtype Info: Character `textquotedblright ' is missing
(microtype)             in font `TU/Charter(0)/m/it/10'.
(microtype)             Ignoring protrusion settings for this character.
[2

]
LaTeX Font Info:    Font shape `TU/Charter(0)/m/n' will be
(Font)              scaled to size 24.88pt on input line 178.
LaTeX Font Info:    Font shape `TU/Charter(0)/b/n' will be
(Font)              scaled to size 24.88pt on input line 178.
(./_main.toc
LaTeX Font Info:    Font shape `TU/Charter(0)/b/n' will be
(Font)              scaled to size 10.0pt on input line 1.
LaTeX Font Info:    Font shape `TU/latinmodern-math.otf(1)/m/n' will be
(Font)              scaled to size 7.81134pt on input line 2.
LaTeX Font Info:    Font shape `TU/latinmodern-math.otf(1)/m/n' will be
(Font)              scaled to size 5.57953pt on input line 2.
LaTeX Font Info:    Font shape `TU/latinmodern-math.otf(2)/m/n' will be
(Font)              scaled to size 11.16013pt on input line 2.
LaTeX Font Info:    Font shape `TU/latinmodern-math.otf(2)/m/n' will be
(Font)              scaled to size 7.81209pt on input line 2.
LaTeX Font Info:    Font shape `TU/latinmodern-math.otf(2)/m/n' will be
(Font)              scaled to size 5.58006pt on input line 2.
LaTeX Font Info:    Font shape `TU/latinmodern-math.otf(3)/m/n' will be
(Font)              scaled to size 11.15799pt on input line 2.
LaTeX Font Info:    Font shape `TU/latinmodern-math.otf(3)/m/n' will be
(Font)              scaled to size 7.8106pt on input line 2.
LaTeX Font Info:    Font shape `TU/latinmodern-math.otf(3)/m/n' will be
(Font)              scaled to size 5.579pt on input line 2.

Overfull \hbox (1.18454pt too wide) detected at line 71
 []\TU/Charter(0)/m/n/10 103
 []


Overfull \hbox (1.18454pt too wide) detected at line 77
 []\TU/Charter(0)/m/n/10 110
 []


Overfull \hbox (1.18454pt too wide) detected at line 79
 []\TU/Charter(0)/m/n/10 110
 []


Overfull \hbox (1.18454pt too wide) detected at line 82
 []\TU/Charter(0)/m/n/10 114
 []

)
\tf@toc=\write4
\openout4 = `_main.toc'.

[3] [4

]
Chapter 1.
LaTeX Font Info:    Font shape `TU/Charter(0)/m/n' will be
(Font)              scaled to size 20.74pt on input line 180.
LaTeX Font Info:    Font shape `TU/Charter(0)/b/n' will be
(Font)              scaled to size 20.74pt on input line 180.
LaTeX Font Info:    Font shape `TU/Charter(0)/m/n' will be
(Font)              scaled to size 14.4pt on input line 184.
LaTeX Font Info:    Font shape `TU/Charter(0)/b/n' will be
(Font)              scaled to size 14.4pt on input line 184.

Package fontspec Warning: Font "FandolFang-Regular" does not contain requested
(fontspec)                Script "CJK".


Package fontspec Info: FandolFang-Regular scale = 1.050120603952611.


Package fontspec Info: FandolFang-Regular scale = 1.050120603952611.

LaTeX Font Info:    Font shape `TU/Consolas(0)/m/n' will be
(Font)              scaled to size 9.81079pt on input line 186.

Package fontspec Info: Font family 'FandolFang-Regular(0)' created for font
(fontspec)             'FandolFang-Regular' with options
(fontspec)             [Scale=MatchLowercase,Script={CJK},Extension={.otf}].
(fontspec)              
(fontspec)              This font family consists of the following NFSS
(fontspec)             series/shapes:
(fontspec)              
(fontspec)             - 'normal' (m/n) with NFSS spec.:
(fontspec)             <->s*[1.050120603952611]"[FandolFang-Regular.otf]/OT:lan
guage=dflt;"
(fontspec)             - 'small caps'  (m/sc) with NFSS spec.: 

LaTeX Font Info:    Font shape `TU/Consolas(0)/b/n' will be
(Font)              scaled to size 9.69482pt on input line 208.
[5] [6

]
Chapter 2.
[7]
Missing character: There is no  (U+2699) in font Charter Roman/OT:language=dfl
t;mapping=tex-text;!
LaTeX Font Info:    Font shape `TU/FandolSong-Regular(0)/m/n' will be
(Font)              scaled to size 11.15906pt on input line 303.
Missing character: There is no  (U+FE0F) in font [FandolSong-Regular.otf]/OT:l
anguage=dflt;!
Missing character: There is no  (U+FE0F) in font [FandolSong-Regular.otf]/OT:l
anguage=dflt;!
Missing character: There is no  (U+1F64F) in font Charter Roman/OT:language=df
lt;mapping=tex-text;!
Missing character: There is no  (U+1F923) in font Charter Roman/OT:language=df
lt;mapping=tex-text;!
Missing character: There is no  (U+2699) in font Consolas/OT:script=latn;langu
age=dflt;!
LaTeX Font Info:    Font shape `TU/FandolFang-Regular(0)/m/n' will be
(Font)              scaled to size 10.50125pt on input line 321.
Missing character: There is no  (U+FE0F) in font [FandolFang-Regular.otf]/OT:l
anguage=dflt;!
Missing character: There is no  (U+2699) in font Charter Roman/OT:language=dfl
t;mapping=tex-text;!
Missing character: There is no  (U+FE0F) in font [FandolSong-Regular.otf]/OT:l
anguage=dflt;!
Missing character: There is no  (U+2705) in font Charter Roman/OT:language=dfl
t;mapping=tex-text;!
Missing character: There is no  (U+274C) in font Charter Roman/OT:language=dfl
t;mapping=tex-text;!
Missing character: There is no  (U+1F600) in font Charter Roman/OT:language=df
lt;mapping=tex-text;!
Missing character: There is no  (U+274C) in font Charter Roman/OT:language=dfl
t;mapping=tex-text;!
LaTeX Font Info:    Font shape `TU/Consolas(0)/m/it' will be
(Font)              scaled to size 9.81079pt on input line 364.
[8] [9]
File: images/func help.png Graphic file (type bmp)
<images/func help.png>
[10]
Overfull \hbox (3.90038pt too wide) in paragraph at lines 606--607
[]\TU/Consolas(0)/m/n/10 /Applications/RStudio.app/Contents/Resources/resources
/themes/ambiance.rstheme
 []


Overfull \hbox (149.48953pt too wide) in paragraph at lines 608--609
[]\TU/Charter(0)/m/n/10 New editor theme directory: \TU/Consolas(0)/m/n/10 /App
lications/RStudio.app/Contents/Resources/app/resources/themes/ambiance.rstheme 

 []

[11] [12]
Missing character: There is no  (U+274C) in font Charter Roman/OT:language=dfl
t;mapping=tex-text;!

Overfull \hbox (50.25441pt too wide) in paragraph at lines 754--755
[]\TU/Charter(0)/m/n/10 3.1 Open your new version of R and install the \TU/Cons
olas(0)/m/n/10 updater \TU/Charter(0)/m/n/10 package with \TU/Consolas(0)/m/n/1
0 install.packages("updater")\TU/Charter(0)/m/n/10 . 
 []

LaTeX Font Info:    Font shape `TU/Charter(0)/b/n' will be
(Font)              scaled to size 12.0pt on input line 769.
[13] [14]
LaTeX Font Info:    Font shape `TU/Consolas(0)/b/it' will be
(Font)              scaled to size 9.69482pt on input line 861.
[15] [16] [17]
Missing character: There is no  (U+2705) in font Charter Roman/OT:language=dfl
t;mapping=tex-text;!

Overfull \hbox (10.19875pt too wide) in paragraph at lines 1135--1136
[]\TU/Charter(0)/m/n/10 R library path \TU/Consolas(0)/m/n/10 /Library/Framewor
ks/R.framework/Versions/4.2-arm64/Resources/library 
 []

[18]
File: images/R git branch.png Graphic file (type bmp)
<images/R git branch.png>
[19]
Missing character: There is no  (U+2757) in font Charter Roman/OT:language=dfl
t;mapping=tex-text;!
Missing character: There is no  (U+FE0F) in font [FandolSong-Regular.otf]/OT:l
anguage=dflt;!
Missing character: There is no  (U+274C) in font Charter Roman/OT:language=dfl
t;mapping=tex-text;!
Missing character: There is no  (U+2705) in font Charter Roman/OT:language=dfl
t;mapping=tex-text;!
[20]
File: images/toolbar.png Graphic file (type bmp)
<images/toolbar.png>
[21] [22]
LaTeX Font Info:    Font shape `TU/Consolas(0)/b/n' will be
(Font)              scaled to size 11.63379pt on input line 1511.
[23]
Underfull \hbox (badness 1342) in paragraph at lines 1558--1559
\TU/Charter(0)/m/n/10 package includes a helper function for editing \TU/Consol
as(0)/m/n/10 .Renviron \TU/Charter(0)/m/n/10 files from an R session with
 []

[24] [25] [26

]
Chapter 3.
[27]
Overfull \hbox (41.84734pt too wide) in paragraph at lines 1729--1730
[]\TU/Charter(0)/m/n/10 Other bookdown output format examples for single docume
nts: \TU/Consolas(0)/m/n/10 pdf_document2\TU/Charter(0)/m/n/10 , \TU/Consolas(0
)/m/n/10 beamer_presentation2\TU/Charter(0)/m/n/10 ,
 []

[28] [29]
LaTeX Font Info:    Font shape `TU/Charter(0)/m/n' will be
(Font)              scaled to size 13.00003pt on input line 1824.

Underfull \vbox (badness 10000) detected at line 1893
 []


Underfull \vbox (badness 10000) has occurred while \output is active []

[30]
Overfull \hbox (17.61594pt too wide) in paragraph at lines 1979--1980
[]\TU/Charter(0)/m/n/10 To learn which arguments a format takes, read the forma
ts help page in R, e.g. \TU/Consolas(0)/b/n/10 ?html_document\TU/Charter(0)/m/
n/10 . 
 []


Underfull \vbox (badness 3668) has occurred while \output is active []

[31]
Missing character: There is no  (U+21E7) in font Charter Roman/OT:language=dfl
t;mapping=tex-text;!
Missing character: There is no  (U+2318) in font Charter Roman/OT:language=dfl
t;mapping=tex-text;!
[32] [33] [34] [35] [36] [37] [38] [39] [40]
Underfull \hbox (badness 1622) in paragraph at lines 2708--2709
\TU/Charter(0)/m/n/10 The object \TU/Consolas(0)/m/n/10 knit_hooks \TU/Charter(
0)/m/n/10 in the \TU/Charter(0)/b/n/10 knitr \TU/Charter(0)/m/n/10 package is u
sed to set hooks; the basic usage is
 []


Underfull \vbox (badness 1975) has occurred while \output is active []

[41] [42] [43] [44]
Missing character: There is no  (U+2423) in font Consolas/OT:script=latn;langu
age=dflt;!
Missing character: There is no  (U+2423) in font Consolas/OT:script=latn;langu
age=dflt;!
[45] [46]
Missing character: There is no  (U+2423) in font Consolas/OT:script=latn;langu
age=dflt;!
[47]
Missing character: There is no  (U+2757) in font Charter Roman/OT:language=dfl
t;mapping=tex-text;!
Missing character: There is no  (U+FE0F) in font [FandolSong-Regular.otf]/OT:l
anguage=dflt;!
Missing character: There is no  (U+2757) in font Charter Roman/OT:language=dfl
t;mapping=tex-text;!
Missing character: There is no  (U+FE0F) in font [FandolSong-Regular.otf]/OT:l
anguage=dflt;!
Missing character: There is no  (U+2757) in font Charter Roman/OT:language=dfl
t;mapping=tex-text;!
Missing character: There is no  (U+FE0F) in font [FandolSong-Regular.otf]/OT:l
anguage=dflt;!
Missing character: There is no  (U+1F648) in font Charter Roman/OT:language=df
lt;mapping=tex-text;!
Missing character: There is no  (U+1F648) in font Charter Roman/OT:language=df
lt;mapping=tex-text;!
[48] [49]
Underfull \vbox (badness 4132) has occurred while \output is active []

[50]
Underfull \hbox (badness 1205) in paragraph at lines 3445--3447
[]\TU/Charter(0)/m/n/10 For single-lined equations: First write your equation, 
then append your label
 []


Overfull \hbox (1.7772pt too wide) in paragraph at lines 3447--3448
[]\TU/Charter(0)/m/n/10 For multi-lined equations: append \TU/Consolas(0)/m/n/1
0 (\#eq:label) \TU/Charter(0)/m/n/10 after \TU/Consolas(0)/m/n/10 \end{split}\T
U/Charter(0)/m/n/10 , \TU/Consolas(0)/m/n/10 \end{aligned}
 []

[51]
Overfull \vbox (1.29395pt too high) detected at line 3606
 []

[52] [53]
LaTeX Font Info:    Font shape `TU/Charter(0)/m/n' will be
(Font)              scaled to size 7.0pt on input line 3705.
LaTeX Font Info:    Font shape `TU/Charter(0)/m/n' will be
(Font)              scaled to size 5.0pt on input line 3705.
LaTeX Font Info:    Font shape `TU/Charter(1)/m/n' will be
(Font)              scaled to size 10.0pt on input line 3731.
Package microtype Info: Character `textendash ' is missing
(microtype)             in font `TU/Charter(1)/m/n/10'.
(microtype)             Ignoring protrusion settings for this character.
Package microtype Info: Character `textemdash ' is missing
(microtype)             in font `TU/Charter(1)/m/n/10'.
(microtype)             Ignoring protrusion settings for this character.
Package microtype Info: Character `textquoteleft ' is missing
(microtype)             in font `TU/Charter(1)/m/n/10'.
(microtype)             Ignoring protrusion settings for this character.
Package microtype Info: Character `textquoteright ' is missing
(microtype)             in font `TU/Charter(1)/m/n/10'.
(microtype)             Ignoring protrusion settings for this character.
Package microtype Info: Character `textquotedblleft ' is missing
(microtype)             in font `TU/Charter(1)/m/n/10'.
(microtype)             Ignoring protrusion settings for this character.
Package microtype Info: Character `textquotedblright ' is missing
(microtype)             in font `TU/Charter(1)/m/n/10'.
(microtype)             Ignoring protrusion settings for this character.
LaTeX Font Info:    Font shape `TU/Charter(1)/m/n' will be
(Font)              scaled to size 7.0pt on input line 3731.
LaTeX Font Info:    Font shape `TU/Charter(1)/m/n' will be
(Font)              scaled to size 5.0pt on input line 3731.
[54]
Overfull \hbox (15.57187pt too wide) in paragraph at lines 3800--3801
[]\TU/Charter(0)/m/n/10 Default configuration used by the rmarkdown package is 
given by \TU/Consolas(0)/m/n/10 rmarkdown:::mathjax_config()\TU/Charter(0)/m/n/
10 .
 []

[55] [56] [57] [58]
File: 0206-Rmd-Figure_files/figure-latex/unnamed-chunk-2-1.pdf Graphic file (ty
pe pdf)
<use 0206-Rmd-Figure_files/figure-latex/unnamed-chunk-2-1.pdf>

Underfull \hbox (badness 10000) in paragraph at lines 4163--4166
[]\TU/Charter(0)/m/n/10 \begin{figure} [] \caption{\TU/Consolas(0)/m/n/10 out.w
idth="50%"\TU/Charter(0)/m/n/10 ,
 []


Underfull \vbox (badness 10000) has occurred while \output is active []

[59]
File: 0206-Rmd-Figure_files/figure-latex/unnamed-chunk-3-1.pdf Graphic file (ty
pe pdf)
<use 0206-Rmd-Figure_files/figure-latex/unnamed-chunk-3-1.pdf>
File: 0206-Rmd-Figure_files/figure-latex/unnamed-chunk-4-1.pdf Graphic file (ty
pe pdf)
<use 0206-Rmd-Figure_files/figure-latex/unnamed-chunk-4-1.pdf>

Overfull \hbox (65.56168pt too wide) in paragraph at lines 4194--4197
[]\TU/Charter(0)/m/n/10 \begin{figure} []
 []


Underfull \vbox (badness 10000) has occurred while \output is active []

[60]
File: images/aapl.png Graphic file (type bmp)
<images/aapl.png>
File: images/aapl.png Graphic file (type bmp)
<images/aapl.png>

Overfull \hbox (65.56168pt too wide) in paragraph at lines 4237--4240
[]\TU/Charter(0)/m/n/10 \begin{figure} []
 []

[61] [62]
Missing character: There is no  (U+2705) in font Charter Roman/OT:language=dfl
t;mapping=tex-text;!
[63]
File: images/Phi_b.png Graphic file (type bmp)
<images/Phi_b.png>
Missing character: There is no  (U+2757) in font Charter Roman/OT:language=dfl
t;mapping=tex-text;!
Missing character: There is no  (U+FE0F) in font [FandolSong-Regular.otf]/OT:l
anguage=dflt;!
[64]
File: 0206-Rmd-Figure_files/figure-latex/firstplot-1.pdf Graphic file (type pdf
)
<use 0206-Rmd-Figure_files/figure-latex/firstplot-1.pdf>
File: 0206-Rmd-Figure_files/figure-latex/secondplot-1.pdf Graphic file (type pd
f)
<use 0206-Rmd-Figure_files/figure-latex/secondplot-1.pdf>

Underfull \vbox (badness 10000) has occurred while \output is active []

[65] [66] [67] [68] [69]
File: images/stargazer1.png Graphic file (type bmp)
<images/stargazer1.png>
File: images/stargazer1.png Graphic file (type bmp)
<images/stargazer1.png>
[70] [71] [72] [73]
Underfull \vbox (badness 10000) detected at line 5045
 []


Underfull \vbox (badness 10000) has occurred while \output is active []

[74]
Overfull \hbox (2.10239pt too wide) in paragraph at lines 5071--5072
[]\TU/Consolas(0)/m/n/10 kableExtra::kable_styling(bootstrap_options = c("strip
ed", "hover"), full_width
 []

Missing character: There is no  (U+2060) in font Charter Roman/OT:language=dfl
t;mapping=tex-text;!
Missing character: There is no  (U+2060) in font Charter Roman/OT:language=dfl
t;mapping=tex-text;!
[75] [76] [77] [78]
File: images/site-page.png Graphic file (type bmp)
<images/site-page.png>

Overfull \hbox (789.35358pt too wide) in paragraph at lines 5357--5357
[][] 
 []

[79]
Underfull \hbox (badness 3364) in paragraph at lines 5432--5433
[]\TU/Charter(0)/m/n/10 Files known to contain R source code (e.g. \TU/Consolas
(0)/m/n/10 ".R"\TU/Charter(0)/m/n/10 , \TU/Consolas(0)/m/n/10 ".s"\TU/Charter(0
)/m/n/10 , \TU/Consolas(0)/m/n/10 ".Rmd"\TU/Charter(0)/m/n/10 ), R data
 []


Underfull \vbox (badness 10000) has occurred while \output is active []

[80] [81]
File: images/site-build.png Graphic file (type bmp)
<images/site-build.png>

Overfull \hbox (791.52159pt too wide) in paragraph at lines 5607--5607
[][] 
 []

File: images/site-page.png Graphic file (type bmp)
<images/site-page.png>

Overfull \hbox (789.35358pt too wide) in paragraph at lines 5619--5619
[][] 
 []

[82] [83] [84] [85] [86] [87] [88

]
Chapter 4.

Overfull \hbox (25.62932pt too wide) in paragraph at lines 5896--5898
[]\TU/Charter(0)/m/n/10 Examples of \TU/Consolas(0)/m/n/10 bookdown \TU/Charter
(0)/m/n/10 formats are \TU/Consolas(0)/m/n/10 bookdown::pdf_document2 \TU/Chart
er(0)/m/n/10 or \TU/Consolas(0)/m/n/10 bookdown::html_document2\TU/Charter(0)/m
/n/10 . 
 []

Missing character: There is no  (U+2192) in font Charter Roman/OT:language=dfl
t;mapping=tex-text;!
Missing character: There is no  (U+2192) in font Charter Roman/OT:language=dfl
t;mapping=tex-text;!
Missing character: There is no  (U+2192) in font Charter Roman/OT:language=dfl
t;mapping=tex-text;!
Missing character: There is no  (U+2192) in font Charter Roman/OT:language=dfl
t;mapping=tex-text;!
[89]
Missing character: There is no  (U+2192) in font Charter Roman/OT:language=dfl
t;mapping=tex-text;!
Missing character: There is no  (U+2192) in font Charter Roman/OT:language=dfl
t;mapping=tex-text;!
[90]
Underfull \hbox (badness 2486) in paragraph at lines 6085--6087
[]\TU/Consolas(0)/m/n/10 chapter+number \TU/Charter(0)/m/n/10 and \TU/Consolas(
0)/m/n/10 section+number\TU/Charter(0)/m/n/10 : the chapter/section numbers wil
l be
 []

[91]
Missing character: There is no  (U+2705) in font Charter Roman/OT:language=dfl
t;mapping=tex-text;!

Underfull \vbox (badness 10000) has occurred while \output is active []

[92] [93] [94] [95] [96]
Missing character: There is no  (U+274C) in font Charter Roman/OT:language=dfl
t;mapping=tex-text;!

Overfull \hbox (39.86069pt too wide) in paragraph at lines 6515--6515
[]\TU/Consolas(0)/m/n/10 $P(\textrm{A wins or B wins}) = P\big(\{\textrm{A wins
}\} \cup \{\textrm{B wins}\}\big)$[] 
 []

Missing character: There is no  (U+2705) in font Charter Roman/OT:language=dfl
t;mapping=tex-text;!
[97] [98] [99] [100]
Chapter 5.
[101

] [102] [103] [104] [105] [106

]
Chapter 6.
[107] [108]
Chapter 7.
Missing character: There is no  (U+1D45D) in font Charter Roman/OT:language=df
lt;mapping=tex-text;!
[109

]
LaTeX Font Info:    Font shape `TU/latinmodern-math.otf(1)/b/n' will be
(Font)              scaled to size 11.15906pt on input line 7396.
LaTeX Font Info:    Font shape `TU/latinmodern-math.otf(1)/b/n' will be
(Font)              scaled to size 7.81134pt on input line 7396.
LaTeX Font Info:    Font shape `TU/latinmodern-math.otf(1)/b/n' will be
(Font)              scaled to size 5.57953pt on input line 7396.
LaTeX Font Info:    Font shape `TU/latinmodern-math.otf(2)/b/n' will be
(Font)              scaled to size 11.16013pt on input line 7396.
LaTeX Font Info:    Font shape `TU/latinmodern-math.otf(2)/b/n' will be
(Font)              scaled to size 7.81209pt on input line 7396.
LaTeX Font Info:    Font shape `TU/latinmodern-math.otf(2)/b/n' will be
(Font)              scaled to size 5.58006pt on input line 7396.
LaTeX Font Info:    Font shape `TU/latinmodern-math.otf(3)/b/n' will be
(Font)              scaled to size 11.15799pt on input line 7396.
LaTeX Font Info:    Font shape `TU/latinmodern-math.otf(3)/b/n' will be
(Font)              scaled to size 7.8106pt on input line 7396.
LaTeX Font Info:    Font shape `TU/latinmodern-math.otf(3)/b/n' will be
(Font)              scaled to size 5.579pt on input line 7396.
Missing character: There is no  (U+1D435) in font Charter Roman/OT:language=df
lt;mapping=tex-text;!
[110]
File: images/rf.png Graphic file (type bmp)
<images/rf.png>
[111] [112] [113]
No file _main.bbl.
[114] (./_main.aux)

LaTeX Warning: There were multiply-defined labels.

 ) 
Here is how much of TeX's memory you used:
 22679 strings out of 476683
 442611 string characters out of 5804046
 1873018 words of memory out of 5000000
 42551 multiletter control sequences out of 15000+600000
 521077 words of font info for 137 fonts, out of 8000000 for 9000
 1348 hyphenation exceptions out of 8191
 86i,16n,122p,1040b,905s stack positions out of 10000i,1000n,20000p,200000b,200000s

Output written on _main.pdf (114 pages).
